<?xml version="1.0" encoding="utf-8"?><testsuites name="pytest tests"><testsuite name="pytest" errors="0" failures="0" skipped="0" tests="11" time="26.016" timestamp="2026-05-30T12:26:55.833276+00:00" hostname="agent-env-b6f7dbc8-6413-4ca8-91ca-4bca97c0f291"><testcase classname="backend.tests.test_dispatch" name="test_health" time="0.236" /><testcase classname="backend.tests.test_dispatch" name="test_persona" time="0.049" /><testcase classname="backend.tests.test_dispatch" name="test_inputs" time="0.046" /><testcase classname="backend.tests.test_dispatch" name="test_brief_fallback" time="0.050" /><testcase classname="backend.tests.test_dispatch" name="test_brief_llm_schema" time="14.891" /><testcase classname="backend.tests.test_dispatch" name="test_brief_llm_cancel_two_reasons" time="0.000" /><testcase classname="backend.tests.test_dispatch" name="test_brief_llm_mentions_bharat_or_lightspeed" time="0.000" /><testcase classname="backend.tests.test_dispatch" name="test_brief_overrides_changes_output" time="10.298" /><testcase classname="backend.tests.test_dispatch" name="test_companion" time="0.054" /><testcase classname="backend.tests.test_dispatch" name="test_evening_close_get_default" time="0.044" /><testcase classname="backend.tests.test_dispatch" name="test_evening_close_post_then_get" time="0.096" /></testsuite></testsuites>